[ERROR][main][2018-10-02 19:08:02][com.taobao.api.internal.util.TaobaoLogger] - 2018-10-02 19:08:02.127^_^23777942^_^alibaba.aliqin.fc.sms.num.send^_^192.168.137.1^_^Windows 8.1^_^648^_^http://gw.api.taobao.com/router/rest^_^sign_method=hmac&partner_id=top-sdk-java-20170426&sms_type=normal&extend=124567&app_key=23777942&sms_template_code=SMS_64200034&format=json&sign=7318A1EB2F3575CB3F8C1D922DF6B880&timestamp=2018-10-02+19%3A08%3A01&v=2.0&rec_num=15811392159&sms_free_sign_name=%E5%A4%A9%E5%85%83%E6%98%93%E9%80%9A%E7%94%B5%E5%95%861&method=alibaba.aliqin.fc.sms.num.send&sms_param=%7B%22code%22%3A%22124567%22%2C%22product%22%3A%22%E6%96%87%E8%8D%B7%E5%B7%A5%E4%BD%9C%E5%AE%A4%22%7D^_^{"error_response":{"code":15,"msg":"Remote service error","sub_code":"isv.SMS_SIGNATURE_ILLEGAL","sub_msg":"短信签名不合法","request_id":"14euz9lqch86o"}}
  [INFO][main][2018-10-03 18:11:46][org.quartz.impl.StdSchedulerFactory] - Using default implementation for ThreadExecutor
  [INFO][main][2018-10-03 18:11:46][org.quartz.simpl.SimpleThreadPool] - Job execution threads will use class loader of thread: main
  [INFO][main][2018-10-03 18:11:46][org.quartz.core.SchedulerSignalerImpl] - Initialized Scheduler Signaller of type: class org.quartz.core.SchedulerSignalerImpl
  [INFO][main][2018-10-03 18:11:46][org.quartz.core.QuartzScheduler] - Quartz Scheduler v.2.2.1 created.
  [INFO][main][2018-10-03 18:11:46][org.quartz.simpl.RAMJobStore] - RAMJobStore initialized.
  [INFO][main][2018-10-03 18:11:46][org.quartz.core.QuartzScheduler] - Scheduler meta-data: Quartz Scheduler (v2.2.1) 'DefaultQuartzScheduler' with instanceId 'NON_CLUSTERED'
  Scheduler class: 'org.quartz.core.QuartzScheduler' - running locally.
  NOT STARTED.
  Currently in standby mode.
  Number of jobs executed: 0
  Using thread pool 'org.quartz.simpl.SimpleThreadPool' - with 10 threads.
  Using job-store 'org.quartz.simpl.RAMJobStore' - which does not support persistence. and is not clustered.

  [INFO][main][2018-10-03 18:11:46][org.quartz.impl.StdSchedulerFactory] - Quartz scheduler 'DefaultQuartzScheduler' initialized from default resource file in Quartz package: 'quartz.properties'
  [INFO][main][2018-10-03 18:11:46][org.quartz.impl.StdSchedulerFactory] - Quartz scheduler version: 2.2.1
  [INFO][main][2018-10-03 18:12:56][org.quartz.impl.StdSchedulerFactory] - Using default implementation for ThreadExecutor
  [INFO][main][2018-10-03 18:12:56][org.quartz.simpl.SimpleThreadPool] - Job execution threads will use class loader of thread: main
  [INFO][main][2018-10-03 18:12:56][org.quartz.core.SchedulerSignalerImpl] - Initialized Scheduler Signaller of type: class org.quartz.core.SchedulerSignalerImpl
  [INFO][main][2018-10-03 18:12:56][org.quartz.core.QuartzScheduler] - Quartz Scheduler v.2.2.1 created.
  [INFO][main][2018-10-03 18:12:56][org.quartz.simpl.RAMJobStore] - RAMJobStore initialized.
  [INFO][main][2018-10-03 18:12:56][org.quartz.core.QuartzScheduler] - Scheduler meta-data: Quartz Scheduler (v2.2.1) 'DefaultQuartzScheduler' with instanceId 'NON_CLUSTERED'
  Scheduler class: 'org.quartz.core.QuartzScheduler' - running locally.
  NOT STARTED.
  Currently in standby mode.
  Number of jobs executed: 0
  Using thread pool 'org.quartz.simpl.SimpleThreadPool' - with 10 threads.
  Using job-store 'org.quartz.simpl.RAMJobStore' - which does not support persistence. and is not clustered.

  [INFO][main][2018-10-03 18:12:56][org.quartz.impl.StdSchedulerFactory] - Quartz scheduler 'DefaultQuartzScheduler' initialized from default resource file in Quartz package: 'quartz.properties'
  [INFO][main][2018-10-03 18:12:56][org.quartz.impl.StdSchedulerFactory] - Quartz scheduler version: 2.2.1
  [INFO][main][2018-10-03 18:12:56][org.quartz.core.QuartzScheduler] - Scheduler DefaultQuartzScheduler_$_NON_CLUSTERED started.
  [ERROR][DefaultQuartzScheduler_Worker-1][2018-10-03 18:12:56][org.quartz.core.JobRunShell] - Job XLXXCC_JOB_GROUP.14b1b7271f7091cbdf69c53ffa8630e3 threw an unhandled Exception: 
  java.lang.StringIndexOutOfBoundsException: String index out of range: 32
	at java.lang.String.substring(String.java:1907)
	at com.wh.time.QuartzJobOper.execute(MyPushJob.java:32)
	at org.quartz.core.JobRunShell.run(JobRunShell.java:202)
	at org.quartz.simpl.SimpleThreadPool$WorkerThread.run(SimpleThreadPool.java:573)
[ERROR][DefaultQuartzScheduler_Worker-1][2018-10-03 18:12:56][org.quartz.core.ErrorLogger] - Job (XLXXCC_JOB_GROUP.14b1b7271f7091cbdf69c53ffa8630e3 threw an exception.
  org.quartz.SchedulerException: Job threw an unhandled exception. [See nested exception: java.lang.StringIndexOutOfBoundsException: String index out of range: 32]
	at org.quartz.core.JobRunShell.run(JobRunShell.java:213)
	at org.quartz.simpl.SimpleThreadPool$WorkerThread.run(SimpleThreadPool.java:573)
Caused by: java.lang.StringIndexOutOfBoundsException: String index out of range: 32
	at java.lang.String.substring(String.java:1907)
	at com.wh.time.QuartzJobOper.execute(MyPushJob.java:32)
	at org.quartz.core.JobRunShell.run(JobRunShell.java:202)
	... 1 more
[INFO][main][2018-10-03 18:13:29][org.quartz.impl.StdSchedulerFactory] - Using default implementation for ThreadExecutor
  [INFO][main][2018-10-03 18:13:29][org.quartz.simpl.SimpleThreadPool] - Job execution threads will use class loader of thread: main
  [INFO][main][2018-10-03 18:13:29][org.quartz.core.SchedulerSignalerImpl] - Initialized Scheduler Signaller of type: class org.quartz.core.SchedulerSignalerImpl
  [INFO][main][2018-10-03 18:13:29][org.quartz.core.QuartzScheduler] - Quartz Scheduler v.2.2.1 created.
  [INFO][main][2018-10-03 18:13:29][org.quartz.simpl.RAMJobStore] - RAMJobStore initialized.
  [INFO][main][2018-10-03 18:13:29][org.quartz.core.QuartzScheduler] - Scheduler meta-data: Quartz Scheduler (v2.2.1) 'DefaultQuartzScheduler' with instanceId 'NON_CLUSTERED'
  Scheduler class: 'org.quartz.core.QuartzScheduler' - running locally.
  NOT STARTED.
  Currently in standby mode.
  Number of jobs executed: 0
  Using thread pool 'org.quartz.simpl.SimpleThreadPool' - with 10 threads.
  Using job-store 'org.quartz.simpl.RAMJobStore' - which does not support persistence. and is not clustered.

  [INFO][main][2018-10-03 18:13:29][org.quartz.impl.StdSchedulerFactory] - Quartz scheduler 'DefaultQuartzScheduler' initialized from default resource file in Quartz package: 'quartz.properties'
  [INFO][main][2018-10-03 18:13:29][org.quartz.impl.StdSchedulerFactory] - Quartz scheduler version: 2.2.1
  [INFO][main][2018-10-03 18:13:29][org.quartz.core.QuartzScheduler] - Scheduler DefaultQuartzScheduler_$_NON_CLUSTERED started.
  [ERROR][DefaultQuartzScheduler_Worker-1][2018-10-03 18:13:29][org.quartz.core.JobRunShell] - Job XLXXCC_JOB_GROUP.14b1b7271f7091cbdf69c53ffa8630e3 threw an unhandled Exception: 
  java.lang.StringIndexOutOfBoundsException: String index out of range: 32
	at java.lang.String.substring(String.java:1907)
	at com.wh.time.QuartzJobOper.execute(MyPushJob.java:32)
	at org.quartz.core.JobRunShell.run(JobRunShell.java:202)
	at org.quartz.simpl.SimpleThreadPool$WorkerThread.run(SimpleThreadPool.java:573)
[ERROR][DefaultQuartzScheduler_Worker-1][2018-10-03 18:13:29][org.quartz.core.ErrorLogger] - Job (XLXXCC_JOB_GROUP.14b1b7271f7091cbdf69c53ffa8630e3 threw an exception.
  org.quartz.SchedulerException: Job threw an unhandled exception. [See nested exception: java.lang.StringIndexOutOfBoundsException: String index out of range: 32]
	at org.quartz.core.JobRunShell.run(JobRunShell.java:213)
	at org.quartz.simpl.SimpleThreadPool$WorkerThread.run(SimpleThreadPool.java:573)
Caused by: java.lang.StringIndexOutOfBoundsException: String index out of range: 32
	at java.lang.String.substring(String.java:1907)
	at com.wh.time.QuartzJobOper.execute(MyPushJob.java:32)
	at org.quartz.core.JobRunShell.run(JobRunShell.java:202)
	... 1 more
[INFO][main][2018-10-03 18:13:37][org.quartz.impl.StdSchedulerFactory] - Using default implementation for ThreadExecutor
  [INFO][main][2018-10-03 18:13:37][org.quartz.simpl.SimpleThreadPool] - Job execution threads will use class loader of thread: main
  [INFO][main][2018-10-03 18:13:37][org.quartz.core.SchedulerSignalerImpl] - Initialized Scheduler Signaller of type: class org.quartz.core.SchedulerSignalerImpl
  [INFO][main][2018-10-03 18:13:37][org.quartz.core.QuartzScheduler] - Quartz Scheduler v.2.2.1 created.
  [INFO][main][2018-10-03 18:13:37][org.quartz.simpl.RAMJobStore] - RAMJobStore initialized.
  [INFO][main][2018-10-03 18:13:37][org.quartz.core.QuartzScheduler] - Scheduler meta-data: Quartz Scheduler (v2.2.1) 'DefaultQuartzScheduler' with instanceId 'NON_CLUSTERED'
  Scheduler class: 'org.quartz.core.QuartzScheduler' - running locally.
  NOT STARTED.
  Currently in standby mode.
  Number of jobs executed: 0
  Using thread pool 'org.quartz.simpl.SimpleThreadPool' - with 10 threads.
  Using job-store 'org.quartz.simpl.RAMJobStore' - which does not support persistence. and is not clustered.

  [INFO][main][2018-10-03 18:13:37][org.quartz.impl.StdSchedulerFactory] - Quartz scheduler 'DefaultQuartzScheduler' initialized from default resource file in Quartz package: 'quartz.properties'
  [INFO][main][2018-10-03 18:13:37][org.quartz.impl.StdSchedulerFactory] - Quartz scheduler version: 2.2.1
  [INFO][main][2018-10-03 18:14:21][org.quartz.impl.StdSchedulerFactory] - Using default implementation for ThreadExecutor
  [INFO][main][2018-10-03 18:14:21][org.quartz.simpl.SimpleThreadPool] - Job execution threads will use class loader of thread: main
  [INFO][main][2018-10-03 18:14:21][org.quartz.core.SchedulerSignalerImpl] - Initialized Scheduler Signaller of type: class org.quartz.core.SchedulerSignalerImpl
  [INFO][main][2018-10-03 18:14:21][org.quartz.core.QuartzScheduler] - Quartz Scheduler v.2.2.1 created.
  [INFO][main][2018-10-03 18:14:21][org.quartz.simpl.RAMJobStore] - RAMJobStore initialized.
  [INFO][main][2018-10-03 18:14:21][org.quartz.core.QuartzScheduler] - Scheduler meta-data: Quartz Scheduler (v2.2.1) 'DefaultQuartzScheduler' with instanceId 'NON_CLUSTERED'
  Scheduler class: 'org.quartz.core.QuartzScheduler' - running locally.
  NOT STARTED.
  Currently in standby mode.
  Number of jobs executed: 0
  Using thread pool 'org.quartz.simpl.SimpleThreadPool' - with 10 threads.
  Using job-store 'org.quartz.simpl.RAMJobStore' - which does not support persistence. and is not clustered.

  [INFO][main][2018-10-03 18:14:21][org.quartz.impl.StdSchedulerFactory] - Quartz scheduler 'DefaultQuartzScheduler' initialized from default resource file in Quartz package: 'quartz.properties'
  [INFO][main][2018-10-03 18:14:21][org.quartz.impl.StdSchedulerFactory] - Quartz scheduler version: 2.2.1
  [INFO][main][2018-10-03 18:14:21][org.quartz.core.QuartzScheduler] - Scheduler DefaultQuartzScheduler_$_NON_CLUSTERED started.
  [ERROR][DefaultQuartzScheduler_Worker-1][2018-10-03 18:14:31][org.quartz.core.JobRunShell] - Job XLXXCC_JOB_GROUP.14b1b7271f7091cbdf69c53ffa8630e3 threw an unhandled Exception: 
  java.lang.StringIndexOutOfBoundsException: String index out of range: 32
	at java.lang.String.substring(String.java:1907)
	at com.wh.time.QuartzJobOper.execute(MyPushJob.java:32)
	at org.quartz.core.JobRunShell.run(JobRunShell.java:202)
	at org.quartz.simpl.SimpleThreadPool$WorkerThread.run(SimpleThreadPool.java:573)
[ERROR][DefaultQuartzScheduler_Worker-1][2018-10-03 18:14:31][org.quartz.core.ErrorLogger] - Job (XLXXCC_JOB_GROUP.14b1b7271f7091cbdf69c53ffa8630e3 threw an exception.
  org.quartz.SchedulerException: Job threw an unhandled exception. [See nested exception: java.lang.StringIndexOutOfBoundsException: String index out of range: 32]
	at org.quartz.core.JobRunShell.run(JobRunShell.java:213)
	at org.quartz.simpl.SimpleThreadPool$WorkerThread.run(SimpleThreadPool.java:573)
Caused by: java.lang.StringIndexOutOfBoundsException: String index out of range: 32
	at java.lang.String.substring(String.java:1907)
	at com.wh.time.QuartzJobOper.execute(MyPushJob.java:32)
	at org.quartz.core.JobRunShell.run(JobRunShell.java:202)
	... 1 more
[INFO][main][2018-10-03 18:14:50][org.quartz.impl.StdSchedulerFactory] - Using default implementation for ThreadExecutor
  [INFO][main][2018-10-03 18:14:50][org.quartz.simpl.SimpleThreadPool] - Job execution threads will use class loader of thread: main
  [INFO][main][2018-10-03 18:14:50][org.quartz.core.SchedulerSignalerImpl] - Initialized Scheduler Signaller of type: class org.quartz.core.SchedulerSignalerImpl
  [INFO][main][2018-10-03 18:14:50][org.quartz.core.QuartzScheduler] - Quartz Scheduler v.2.2.1 created.
  [INFO][main][2018-10-03 18:14:50][org.quartz.simpl.RAMJobStore] - RAMJobStore initialized.
  [INFO][main][2018-10-03 18:14:50][org.quartz.core.QuartzScheduler] - Scheduler meta-data: Quartz Scheduler (v2.2.1) 'DefaultQuartzScheduler' with instanceId 'NON_CLUSTERED'
  Scheduler class: 'org.quartz.core.QuartzScheduler' - running locally.
  NOT STARTED.
  Currently in standby mode.
  Number of jobs executed: 0
  Using thread pool 'org.quartz.simpl.SimpleThreadPool' - with 10 threads.
  Using job-store 'org.quartz.simpl.RAMJobStore' - which does not support persistence. and is not clustered.

  [INFO][main][2018-10-03 18:14:50][org.quartz.impl.StdSchedulerFactory] - Quartz scheduler 'DefaultQuartzScheduler' initialized from default resource file in Quartz package: 'quartz.properties'
  [INFO][main][2018-10-03 18:14:50][org.quartz.impl.StdSchedulerFactory] - Quartz scheduler version: 2.2.1
  [INFO][main][2018-10-03 18:15:32][org.quartz.impl.StdSchedulerFactory] - Using default implementation for ThreadExecutor
  [INFO][main][2018-10-03 18:15:32][org.quartz.simpl.SimpleThreadPool] - Job execution threads will use class loader of thread: main
  [INFO][main][2018-10-03 18:15:32][org.quartz.core.SchedulerSignalerImpl] - Initialized Scheduler Signaller of type: class org.quartz.core.SchedulerSignalerImpl
  [INFO][main][2018-10-03 18:15:32][org.quartz.core.QuartzScheduler] - Quartz Scheduler v.2.2.1 created.
  [INFO][main][2018-10-03 18:15:32][org.quartz.simpl.RAMJobStore] - RAMJobStore initialized.
  [INFO][main][2018-10-03 18:15:32][org.quartz.core.QuartzScheduler] - Scheduler meta-data: Quartz Scheduler (v2.2.1) 'DefaultQuartzScheduler' with instanceId 'NON_CLUSTERED'
  Scheduler class: 'org.quartz.core.QuartzScheduler' - running locally.
  NOT STARTED.
  Currently in standby mode.
  Number of jobs executed: 0
  Using thread pool 'org.quartz.simpl.SimpleThreadPool' - with 10 threads.
  Using job-store 'org.quartz.simpl.RAMJobStore' - which does not support persistence. and is not clustered.

  [INFO][main][2018-10-03 18:15:32][org.quartz.impl.StdSchedulerFactory] - Quartz scheduler 'DefaultQuartzScheduler' initialized from default resource file in Quartz package: 'quartz.properties'
  [INFO][main][2018-10-03 18:15:32][org.quartz.impl.StdSchedulerFactory] - Quartz scheduler version: 2.2.1
  [INFO][main][2018-10-03 18:15:32][org.quartz.core.QuartzScheduler] - Scheduler DefaultQuartzScheduler_$_NON_CLUSTERED started.
  [ERROR][DefaultQuartzScheduler_Worker-1][2018-10-03 18:15:39][org.quartz.core.JobRunShell] - Job XLXXCC_JOB_GROUP.14b1b7271f7091cbdf69c53ffa8630e3 threw an unhandled Exception: 
  java.lang.StringIndexOutOfBoundsException: String index out of range: 32
	at java.lang.String.substring(String.java:1907)
	at com.wh.time.QuartzJobOper.execute(MyPushJob.java:32)
	at org.quartz.core.JobRunShell.run(JobRunShell.java:202)
	at org.quartz.simpl.SimpleThreadPool$WorkerThread.run(SimpleThreadPool.java:573)
[ERROR][DefaultQuartzScheduler_Worker-1][2018-10-03 18:15:39][org.quartz.core.ErrorLogger] - Job (XLXXCC_JOB_GROUP.14b1b7271f7091cbdf69c53ffa8630e3 threw an exception.
  org.quartz.SchedulerException: Job threw an unhandled exception. [See nested exception: java.lang.StringIndexOutOfBoundsException: String index out of range: 32]
	at org.quartz.core.JobRunShell.run(JobRunShell.java:213)
	at org.quartz.simpl.SimpleThreadPool$WorkerThread.run(SimpleThreadPool.java:573)
Caused by: java.lang.StringIndexOutOfBoundsException: String index out of range: 32
	at java.lang.String.substring(String.java:1907)
	at com.wh.time.QuartzJobOper.execute(MyPushJob.java:32)
	at org.quartz.core.JobRunShell.run(JobRunShell.java:202)
	... 1 more
[INFO][main][2018-10-03 18:16:36][org.quartz.impl.StdSchedulerFactory] - Using default implementation for ThreadExecutor
  [INFO][main][2018-10-03 18:16:36][org.quartz.simpl.SimpleThreadPool] - Job execution threads will use class loader of thread: main
  [INFO][main][2018-10-03 18:16:36][org.quartz.core.SchedulerSignalerImpl] - Initialized Scheduler Signaller of type: class org.quartz.core.SchedulerSignalerImpl
  [INFO][main][2018-10-03 18:16:36][org.quartz.core.QuartzScheduler] - Quartz Scheduler v.2.2.1 created.
  [INFO][main][2018-10-03 18:16:36][org.quartz.simpl.RAMJobStore] - RAMJobStore initialized.
  [INFO][main][2018-10-03 18:16:36][org.quartz.core.QuartzScheduler] - Scheduler meta-data: Quartz Scheduler (v2.2.1) 'DefaultQuartzScheduler' with instanceId 'NON_CLUSTERED'
  Scheduler class: 'org.quartz.core.QuartzScheduler' - running locally.
  NOT STARTED.
  Currently in standby mode.
  Number of jobs executed: 0
  Using thread pool 'org.quartz.simpl.SimpleThreadPool' - with 10 threads.
  Using job-store 'org.quartz.simpl.RAMJobStore' - which does not support persistence. and is not clustered.

  [INFO][main][2018-10-03 18:16:36][org.quartz.impl.StdSchedulerFactory] - Quartz scheduler 'DefaultQuartzScheduler' initialized from default resource file in Quartz package: 'quartz.properties'
  [INFO][main][2018-10-03 18:16:36][org.quartz.impl.StdSchedulerFactory] - Quartz scheduler version: 2.2.1
  [INFO][main][2018-10-03 18:34:32][org.quartz.impl.StdSchedulerFactory] - Using default implementation for ThreadExecutor
  [INFO][main][2018-10-03 18:34:32][org.quartz.simpl.SimpleThreadPool] - Job execution threads will use class loader of thread: main
  [INFO][main][2018-10-03 18:34:32][org.quartz.core.SchedulerSignalerImpl] - Initialized Scheduler Signaller of type: class org.quartz.core.SchedulerSignalerImpl
  [INFO][main][2018-10-03 18:34:32][org.quartz.core.QuartzScheduler] - Quartz Scheduler v.2.2.1 created.
  [INFO][main][2018-10-03 18:34:32][org.quartz.simpl.RAMJobStore] - RAMJobStore initialized.
  [INFO][main][2018-10-03 18:34:32][org.quartz.core.QuartzScheduler] - Scheduler meta-data: Quartz Scheduler (v2.2.1) 'DefaultQuartzScheduler' with instanceId 'NON_CLUSTERED'
  Scheduler class: 'org.quartz.core.QuartzScheduler' - running locally.
  NOT STARTED.
  Currently in standby mode.
  Number of jobs executed: 0
  Using thread pool 'org.quartz.simpl.SimpleThreadPool' - with 10 threads.
  Using job-store 'org.quartz.simpl.RAMJobStore' - which does not support persistence. and is not clustered.

  [INFO][main][2018-10-03 18:34:32][org.quartz.impl.StdSchedulerFactory] - Quartz scheduler 'DefaultQuartzScheduler' initialized from default resource file in Quartz package: 'quartz.properties'
  [INFO][main][2018-10-03 18:34:32][org.quartz.impl.StdSchedulerFactory] - Quartz scheduler version: 2.2.1
  [INFO][main][2018-10-03 18:34:32][org.quartz.core.QuartzScheduler] - Scheduler DefaultQuartzScheduler_$_NON_CLUSTERED started.
  [INFO][main][2018-10-03 18:35:27][org.quartz.impl.StdSchedulerFactory] - Using default implementation for ThreadExecutor
  [INFO][main][2018-10-03 18:35:27][org.quartz.simpl.SimpleThreadPool] - Job execution threads will use class loader of thread: main
  [INFO][main][2018-10-03 18:35:27][org.quartz.core.SchedulerSignalerImpl] - Initialized Scheduler Signaller of type: class org.quartz.core.SchedulerSignalerImpl
  [INFO][main][2018-10-03 18:35:27][org.quartz.core.QuartzScheduler] - Quartz Scheduler v.2.2.1 created.
  [INFO][main][2018-10-03 18:35:27][org.quartz.simpl.RAMJobStore] - RAMJobStore initialized.
  [INFO][main][2018-10-03 18:35:27][org.quartz.core.QuartzScheduler] - Scheduler meta-data: Quartz Scheduler (v2.2.1) 'DefaultQuartzScheduler' with instanceId 'NON_CLUSTERED'
  Scheduler class: 'org.quartz.core.QuartzScheduler' - running locally.
  NOT STARTED.
  Currently in standby mode.
  Number of jobs executed: 0
  Using thread pool 'org.quartz.simpl.SimpleThreadPool' - with 10 threads.
  Using job-store 'org.quartz.simpl.RAMJobStore' - which does not support persistence. and is not clustered.

  [INFO][main][2018-10-03 18:35:27][org.quartz.impl.StdSchedulerFactory] - Quartz scheduler 'DefaultQuartzScheduler' initialized from default resource file in Quartz package: 'quartz.properties'
  [INFO][main][2018-10-03 18:35:27][org.quartz.impl.StdSchedulerFactory] - Quartz scheduler version: 2.2.1
  [INFO][main][2018-10-03 18:35:45][org.quartz.impl.StdSchedulerFactory] - Using default implementation for ThreadExecutor
  [INFO][main][2018-10-03 18:35:45][org.quartz.simpl.SimpleThreadPool] - Job execution threads will use class loader of thread: main
  [INFO][main][2018-10-03 18:35:45][org.quartz.core.SchedulerSignalerImpl] - Initialized Scheduler Signaller of type: class org.quartz.core.SchedulerSignalerImpl
  [INFO][main][2018-10-03 18:35:45][org.quartz.core.QuartzScheduler] - Quartz Scheduler v.2.2.1 created.
  [INFO][main][2018-10-03 18:35:45][org.quartz.simpl.RAMJobStore] - RAMJobStore initialized.
  [INFO][main][2018-10-03 18:35:45][org.quartz.core.QuartzScheduler] - Scheduler meta-data: Quartz Scheduler (v2.2.1) 'DefaultQuartzScheduler' with instanceId 'NON_CLUSTERED'
  Scheduler class: 'org.quartz.core.QuartzScheduler' - running locally.
  NOT STARTED.
  Currently in standby mode.
  Number of jobs executed: 0
  Using thread pool 'org.quartz.simpl.SimpleThreadPool' - with 10 threads.
  Using job-store 'org.quartz.simpl.RAMJobStore' - which does not support persistence. and is not clustered.

  [INFO][main][2018-10-03 18:35:45][org.quartz.impl.StdSchedulerFactory] - Quartz scheduler 'DefaultQuartzScheduler' initialized from default resource file in Quartz package: 'quartz.properties'
  [INFO][main][2018-10-03 18:35:45][org.quartz.impl.StdSchedulerFactory] - Quartz scheduler version: 2.2.1
  [INFO][main][2018-10-03 18:35:45][org.quartz.core.QuartzScheduler] - Scheduler DefaultQuartzScheduler_$_NON_CLUSTERED started.
  [INFO][main][2018-10-03 19:28:41][org.quartz.impl.StdSchedulerFactory] - Using default implementation for ThreadExecutor
  [INFO][main][2018-10-03 19:28:41][org.quartz.simpl.SimpleThreadPool] - Job execution threads will use class loader of thread: main
  [INFO][main][2018-10-03 19:28:41][org.quartz.core.SchedulerSignalerImpl] - Initialized Scheduler Signaller of type: class org.quartz.core.SchedulerSignalerImpl
  [INFO][main][2018-10-03 19:28:41][org.quartz.core.QuartzScheduler] - Quartz Scheduler v.2.2.3 created.
  [INFO][main][2018-10-03 19:28:41][org.quartz.simpl.RAMJobStore] - RAMJobStore initialized.
  [INFO][main][2018-10-03 19:28:41][org.quartz.core.QuartzScheduler] - Scheduler meta-data: Quartz Scheduler (v2.2.3) 'DefaultQuartzScheduler' with instanceId 'NON_CLUSTERED'
  Scheduler class: 'org.quartz.core.QuartzScheduler' - running locally.
  NOT STARTED.
  Currently in standby mode.
  Number of jobs executed: 0
  Using thread pool 'org.quartz.simpl.SimpleThreadPool' - with 10 threads.
  Using job-store 'org.quartz.simpl.RAMJobStore' - which does not support persistence. and is not clustered.

  [INFO][main][2018-10-03 19:28:41][org.quartz.impl.StdSchedulerFactory] - Quartz scheduler 'DefaultQuartzScheduler' initialized from default resource file in Quartz package: 'quartz.properties'
  [INFO][main][2018-10-03 19:28:41][org.quartz.impl.StdSchedulerFactory] - Quartz scheduler version: 2.2.3
  [INFO][main][2018-10-03 19:29:00][org.quartz.impl.StdSchedulerFactory] - Using default implementation for ThreadExecutor
  [INFO][main][2018-10-03 19:29:00][org.quartz.simpl.SimpleThreadPool] - Job execution threads will use class loader of thread: main
  [INFO][main][2018-10-03 19:29:00][org.quartz.core.SchedulerSignalerImpl] - Initialized Scheduler Signaller of type: class org.quartz.core.SchedulerSignalerImpl
  [INFO][main][2018-10-03 19:29:00][org.quartz.core.QuartzScheduler] - Quartz Scheduler v.2.2.3 created.
  [INFO][main][2018-10-03 19:29:00][org.quartz.simpl.RAMJobStore] - RAMJobStore initialized.
  [INFO][main][2018-10-03 19:29:00][org.quartz.core.QuartzScheduler] - Scheduler meta-data: Quartz Scheduler (v2.2.3) 'DefaultQuartzScheduler' with instanceId 'NON_CLUSTERED'
  Scheduler class: 'org.quartz.core.QuartzScheduler' - running locally.
  NOT STARTED.
  Currently in standby mode.
  Number of jobs executed: 0
  Using thread pool 'org.quartz.simpl.SimpleThreadPool' - with 10 threads.
  Using job-store 'org.quartz.simpl.RAMJobStore' - which does not support persistence. and is not clustered.

  [INFO][main][2018-10-03 19:29:00][org.quartz.impl.StdSchedulerFactory] - Quartz scheduler 'DefaultQuartzScheduler' initialized from default resource file in Quartz package: 'quartz.properties'
  [INFO][main][2018-10-03 19:29:00][org.quartz.impl.StdSchedulerFactory] - Quartz scheduler version: 2.2.3
  [INFO][main][2018-10-03 19:33:04][org.quartz.impl.StdSchedulerFactory] - Using default implementation for ThreadExecutor
  [INFO][main][2018-10-03 19:33:04][org.quartz.simpl.SimpleThreadPool] - Job execution threads will use class loader of thread: main
  [INFO][main][2018-10-03 19:33:04][org.quartz.core.SchedulerSignalerImpl] - Initialized Scheduler Signaller of type: class org.quartz.core.SchedulerSignalerImpl
  [INFO][main][2018-10-03 19:33:04][org.quartz.core.QuartzScheduler] - Quartz Scheduler v.2.2.3 created.
  [INFO][main][2018-10-03 19:33:04][org.quartz.simpl.RAMJobStore] - RAMJobStore initialized.
  [INFO][main][2018-10-03 19:33:04][org.quartz.core.QuartzScheduler] - Scheduler meta-data: Quartz Scheduler (v2.2.3) 'DefaultQuartzScheduler' with instanceId 'NON_CLUSTERED'
  Scheduler class: 'org.quartz.core.QuartzScheduler' - running locally.
  NOT STARTED.
  Currently in standby mode.
  Number of jobs executed: 0
  Using thread pool 'org.quartz.simpl.SimpleThreadPool' - with 10 threads.
  Using job-store 'org.quartz.simpl.RAMJobStore' - which does not support persistence. and is not clustered.

  [INFO][main][2018-10-03 19:33:04][org.quartz.impl.StdSchedulerFactory] - Quartz scheduler 'DefaultQuartzScheduler' initialized from default resource file in Quartz package: 'quartz.properties'
  [INFO][main][2018-10-03 19:33:04][org.quartz.impl.StdSchedulerFactory] - Quartz scheduler version: 2.2.3
  [INFO][main][2018-10-03 19:34:08][org.quartz.impl.StdSchedulerFactory] - Using default implementation for ThreadExecutor
  [INFO][main][2018-10-03 19:34:08][org.quartz.simpl.SimpleThreadPool] - Job execution threads will use class loader of thread: main
  [INFO][main][2018-10-03 19:34:08][org.quartz.core.SchedulerSignalerImpl] - Initialized Scheduler Signaller of type: class org.quartz.core.SchedulerSignalerImpl
  [INFO][main][2018-10-03 19:34:08][org.quartz.core.QuartzScheduler] - Quartz Scheduler v.2.2.3 created.
  [INFO][main][2018-10-03 19:34:08][org.quartz.simpl.RAMJobStore] - RAMJobStore initialized.
  [INFO][main][2018-10-03 19:34:08][org.quartz.core.QuartzScheduler] - Scheduler meta-data: Quartz Scheduler (v2.2.3) 'DefaultQuartzScheduler' with instanceId 'NON_CLUSTERED'
  Scheduler class: 'org.quartz.core.QuartzScheduler' - running locally.
  NOT STARTED.
  Currently in standby mode.
  Number of jobs executed: 0
  Using thread pool 'org.quartz.simpl.SimpleThreadPool' - with 10 threads.
  Using job-store 'org.quartz.simpl.RAMJobStore' - which does not support persistence. and is not clustered.

  [INFO][main][2018-10-03 19:34:08][org.quartz.impl.StdSchedulerFactory] - Quartz scheduler 'DefaultQuartzScheduler' initialized from default resource file in Quartz package: 'quartz.properties'
  [INFO][main][2018-10-03 19:34:08][org.quartz.impl.StdSchedulerFactory] - Quartz scheduler version: 2.2.3
  [INFO][main][2018-10-03 19:34:08][org.quartz.core.QuartzScheduler] - Scheduler DefaultQuartzScheduler_$_NON_CLUSTERED started.
  [ERROR][DefaultQuartzScheduler_Worker-1][2018-10-03 19:34:08][org.quartz.core.JobRunShell] - Job XLXXCC_JOB_GROUP.14b1b7271f7091cbdf69c53ffa8630e3 threw an unhandled Exception: 
  java.lang.StringIndexOutOfBoundsException: String index out of range: 32
	at java.lang.String.substring(String.java:1907)
	at com.wh.time.QuartzJobOper.execute(MyPushJob.java:35)
	at org.quartz.core.JobRunShell.run(JobRunShell.java:202)
	at org.quartz.simpl.SimpleThreadPool$WorkerThread.run(SimpleThreadPool.java:573)
[ERROR][DefaultQuartzScheduler_Worker-1][2018-10-03 19:34:08][org.quartz.core.ErrorLogger] - Job (XLXXCC_JOB_GROUP.14b1b7271f7091cbdf69c53ffa8630e3 threw an exception.
  org.quartz.SchedulerException: Job threw an unhandled exception. [See nested exception: java.lang.StringIndexOutOfBoundsException: String index out of range: 32]
	at org.quartz.core.JobRunShell.run(JobRunShell.java:213)
	at org.quartz.simpl.SimpleThreadPool$WorkerThread.run(SimpleThreadPool.java:573)
Caused by: java.lang.StringIndexOutOfBoundsException: String index out of range: 32
	at java.lang.String.substring(String.java:1907)
	at com.wh.time.QuartzJobOper.execute(MyPushJob.java:35)
	at org.quartz.core.JobRunShell.run(JobRunShell.java:202)
	... 1 more
[INFO][main][2018-10-03 19:37:21][org.quartz.impl.StdSchedulerFactory] - Using default implementation for ThreadExecutor
  [INFO][main][2018-10-03 19:37:21][org.quartz.simpl.SimpleThreadPool] - Job execution threads will use class loader of thread: main
  [INFO][main][2018-10-03 19:37:21][org.quartz.core.SchedulerSignalerImpl] - Initialized Scheduler Signaller of type: class org.quartz.core.SchedulerSignalerImpl
  [INFO][main][2018-10-03 19:37:21][org.quartz.core.QuartzScheduler] - Quartz Scheduler v.2.2.3 created.
  [INFO][main][2018-10-03 19:37:21][org.quartz.simpl.RAMJobStore] - RAMJobStore initialized.
  [INFO][main][2018-10-03 19:37:21][org.quartz.core.QuartzScheduler] - Scheduler meta-data: Quartz Scheduler (v2.2.3) 'DefaultQuartzScheduler' with instanceId 'NON_CLUSTERED'
  Scheduler class: 'org.quartz.core.QuartzScheduler' - running locally.
  NOT STARTED.
  Currently in standby mode.
  Number of jobs executed: 0
  Using thread pool 'org.quartz.simpl.SimpleThreadPool' - with 10 threads.
  Using job-store 'org.quartz.simpl.RAMJobStore' - which does not support persistence. and is not clustered.

  [INFO][main][2018-10-03 19:37:21][org.quartz.impl.StdSchedulerFactory] - Quartz scheduler 'DefaultQuartzScheduler' initialized from default resource file in Quartz package: 'quartz.properties'
  [INFO][main][2018-10-03 19:37:21][org.quartz.impl.StdSchedulerFactory] - Quartz scheduler version: 2.2.3
  [INFO][main][2018-10-03 19:40:08][org.quartz.impl.StdSchedulerFactory] - Using default implementation for ThreadExecutor
  [INFO][main][2018-10-03 19:40:08][org.quartz.simpl.SimpleThreadPool] - Job execution threads will use class loader of thread: main
  [INFO][main][2018-10-03 19:40:08][org.quartz.core.SchedulerSignalerImpl] - Initialized Scheduler Signaller of type: class org.quartz.core.SchedulerSignalerImpl
  [INFO][main][2018-10-03 19:40:08][org.quartz.core.QuartzScheduler] - Quartz Scheduler v.2.2.3 created.
  [INFO][main][2018-10-03 19:40:08][org.quartz.simpl.RAMJobStore] - RAMJobStore initialized.
  [INFO][main][2018-10-03 19:40:08][org.quartz.core.QuartzScheduler] - Scheduler meta-data: Quartz Scheduler (v2.2.3) 'DefaultQuartzScheduler' with instanceId 'NON_CLUSTERED'
  Scheduler class: 'org.quartz.core.QuartzScheduler' - running locally.
  NOT STARTED.
  Currently in standby mode.
  Number of jobs executed: 0
  Using thread pool 'org.quartz.simpl.SimpleThreadPool' - with 10 threads.
  Using job-store 'org.quartz.simpl.RAMJobStore' - which does not support persistence. and is not clustered.

  [INFO][main][2018-10-03 19:40:08][org.quartz.impl.StdSchedulerFactory] - Quartz scheduler 'DefaultQuartzScheduler' initialized from default resource file in Quartz package: 'quartz.properties'
  [INFO][main][2018-10-03 19:40:08][org.quartz.impl.StdSchedulerFactory] - Quartz scheduler version: 2.2.3
  [INFO][main][2018-10-03 19:40:08][org.quartz.core.QuartzScheduler] - Scheduler DefaultQuartzScheduler_$_NON_CLUSTERED started.
  [ERROR][DefaultQuartzScheduler_Worker-1][2018-10-03 19:40:08][org.quartz.core.JobRunShell] - Job XLXXCC_JOB_GROUP.14b1b7271f7091cbdf69c53ffa8630e3 threw an unhandled Exception: 
  java.lang.StringIndexOutOfBoundsException: String index out of range: 32
	at java.lang.String.substring(String.java:1907)
	at com.wh.time.QuartzJobOper.execute(MyPushJob.java:30)
	at org.quartz.core.JobRunShell.run(JobRunShell.java:202)
	at org.quartz.simpl.SimpleThreadPool$WorkerThread.run(SimpleThreadPool.java:573)
[ERROR][DefaultQuartzScheduler_Worker-1][2018-10-03 19:40:08][org.quartz.core.ErrorLogger] - Job (XLXXCC_JOB_GROUP.14b1b7271f7091cbdf69c53ffa8630e3 threw an exception.
  org.quartz.SchedulerException: Job threw an unhandled exception. [See nested exception: java.lang.StringIndexOutOfBoundsException: String index out of range: 32]
	at org.quartz.core.JobRunShell.run(JobRunShell.java:213)
	at org.quartz.simpl.SimpleThreadPool$WorkerThread.run(SimpleThreadPool.java:573)
Caused by: java.lang.StringIndexOutOfBoundsException: String index out of range: 32
	at java.lang.String.substring(String.java:1907)
	at com.wh.time.QuartzJobOper.execute(MyPushJob.java:30)
	at org.quartz.core.JobRunShell.run(JobRunShell.java:202)
	... 1 more
[INFO][main][2018-10-03 19:40:14][org.quartz.impl.StdSchedulerFactory] - Using default implementation for ThreadExecutor
  [INFO][main][2018-10-03 19:40:14][org.quartz.simpl.SimpleThreadPool] - Job execution threads will use class loader of thread: main
  [INFO][main][2018-10-03 19:40:14][org.quartz.core.SchedulerSignalerImpl] - Initialized Scheduler Signaller of type: class org.quartz.core.SchedulerSignalerImpl
  [INFO][main][2018-10-03 19:40:14][org.quartz.core.QuartzScheduler] - Quartz Scheduler v.2.2.3 created.
  [INFO][main][2018-10-03 19:40:14][org.quartz.simpl.RAMJobStore] - RAMJobStore initialized.
  [INFO][main][2018-10-03 19:40:14][org.quartz.core.QuartzScheduler] - Scheduler meta-data: Quartz Scheduler (v2.2.3) 'DefaultQuartzScheduler' with instanceId 'NON_CLUSTERED'
  Scheduler class: 'org.quartz.core.QuartzScheduler' - running locally.
  NOT STARTED.
  Currently in standby mode.
  Number of jobs executed: 0
  Using thread pool 'org.quartz.simpl.SimpleThreadPool' - with 10 threads.
  Using job-store 'org.quartz.simpl.RAMJobStore' - which does not support persistence. and is not clustered.

  [INFO][main][2018-10-03 19:40:14][org.quartz.impl.StdSchedulerFactory] - Quartz scheduler 'DefaultQuartzScheduler' initialized from default resource file in Quartz package: 'quartz.properties'
  [INFO][main][2018-10-03 19:40:14][org.quartz.impl.StdSchedulerFactory] - Quartz scheduler version: 2.2.3
  [INFO][main][2018-10-03 19:40:14][org.quartz.core.QuartzScheduler] - Scheduler DefaultQuartzScheduler_$_NON_CLUSTERED started.
  [ERROR][DefaultQuartzScheduler_Worker-1][2018-10-03 19:40:14][org.quartz.core.JobRunShell] - Job XLXXCC_JOB_GROUP.14b1b7271f7091cbdf69c53ffa8630e3 threw an unhandled Exception: 
  java.lang.StringIndexOutOfBoundsException: String index out of range: 32
	at java.lang.String.substring(String.java:1907)
	at com.wh.time.QuartzJobOper.execute(MyPushJob.java:30)
	at org.quartz.core.JobRunShell.run(JobRunShell.java:202)
	at org.quartz.simpl.SimpleThreadPool$WorkerThread.run(SimpleThreadPool.java:573)
[ERROR][DefaultQuartzScheduler_Worker-1][2018-10-03 19:40:14][org.quartz.core.ErrorLogger] - Job (XLXXCC_JOB_GROUP.14b1b7271f7091cbdf69c53ffa8630e3 threw an exception.
  org.quartz.SchedulerException: Job threw an unhandled exception. [See nested exception: java.lang.StringIndexOutOfBoundsException: String index out of range: 32]
	at org.quartz.core.JobRunShell.run(JobRunShell.java:213)
	at org.quartz.simpl.SimpleThreadPool$WorkerThread.run(SimpleThreadPool.java:573)
Caused by: java.lang.StringIndexOutOfBoundsException: String index out of range: 32
	at java.lang.String.substring(String.java:1907)
	at com.wh.time.QuartzJobOper.execute(MyPushJob.java:30)
	at org.quartz.core.JobRunShell.run(JobRunShell.java:202)
	... 1 more
[INFO][main][2018-10-03 19:46:06][org.quartz.impl.StdSchedulerFactory] - Using default implementation for ThreadExecutor
  [INFO][main][2018-10-03 19:46:06][org.quartz.simpl.SimpleThreadPool] - Job execution threads will use class loader of thread: main
  [INFO][main][2018-10-03 19:46:06][org.quartz.core.SchedulerSignalerImpl] - Initialized Scheduler Signaller of type: class org.quartz.core.SchedulerSignalerImpl
  [INFO][main][2018-10-03 19:46:06][org.quartz.core.QuartzScheduler] - Quartz Scheduler v.2.2.1 created.
  [INFO][main][2018-10-03 19:46:06][org.quartz.simpl.RAMJobStore] - RAMJobStore initialized.
  [INFO][main][2018-10-03 19:46:06][org.quartz.core.QuartzScheduler] - Scheduler meta-data: Quartz Scheduler (v2.2.1) 'DefaultQuartzScheduler' with instanceId 'NON_CLUSTERED'
  Scheduler class: 'org.quartz.core.QuartzScheduler' - running locally.
  NOT STARTED.
  Currently in standby mode.
  Number of jobs executed: 0
  Using thread pool 'org.quartz.simpl.SimpleThreadPool' - with 10 threads.
  Using job-store 'org.quartz.simpl.RAMJobStore' - which does not support persistence. and is not clustered.

  [INFO][main][2018-10-03 19:46:06][org.quartz.impl.StdSchedulerFactory] - Quartz scheduler 'DefaultQuartzScheduler' initialized from default resource file in Quartz package: 'quartz.properties'
  [INFO][main][2018-10-03 19:46:06][org.quartz.impl.StdSchedulerFactory] - Quartz scheduler version: 2.2.1
  [INFO][main][2018-10-03 19:58:22][org.quartz.impl.StdSchedulerFactory] - Using default implementation for ThreadExecutor
  [INFO][main][2018-10-03 19:58:22][org.quartz.simpl.SimpleThreadPool] - Job execution threads will use class loader of thread: main
  [INFO][main][2018-10-03 19:58:22][org.quartz.core.SchedulerSignalerImpl] - Initialized Scheduler Signaller of type: class org.quartz.core.SchedulerSignalerImpl
  [INFO][main][2018-10-03 19:58:22][org.quartz.core.QuartzScheduler] - Quartz Scheduler v.2.2.1 created.
  [INFO][main][2018-10-03 19:58:22][org.quartz.simpl.RAMJobStore] - RAMJobStore initialized.
  [INFO][main][2018-10-03 19:58:22][org.quartz.core.QuartzScheduler] - Scheduler meta-data: Quartz Scheduler (v2.2.1) 'DefaultQuartzScheduler' with instanceId 'NON_CLUSTERED'
  Scheduler class: 'org.quartz.core.QuartzScheduler' - running locally.
  NOT STARTED.
  Currently in standby mode.
  Number of jobs executed: 0
  Using thread pool 'org.quartz.simpl.SimpleThreadPool' - with 10 threads.
  Using job-store 'org.quartz.simpl.RAMJobStore' - which does not support persistence. and is not clustered.

  [INFO][main][2018-10-03 19:58:22][org.quartz.impl.StdSchedulerFactory] - Quartz scheduler 'DefaultQuartzScheduler' initialized from default resource file in Quartz package: 'quartz.properties'
  [INFO][main][2018-10-03 19:58:22][org.quartz.impl.StdSchedulerFactory] - Quartz scheduler version: 2.2.1
  [INFO][main][2018-10-04 18:51:47][org.quartz.impl.StdSchedulerFactory] - Using default implementation for ThreadExecutor
  [INFO][main][2018-10-04 18:51:47][org.quartz.simpl.SimpleThreadPool] - Job execution threads will use class loader of thread: main
  [INFO][main][2018-10-04 18:51:47][org.quartz.core.SchedulerSignalerImpl] - Initialized Scheduler Signaller of type: class org.quartz.core.SchedulerSignalerImpl
  [INFO][main][2018-10-04 18:51:47][org.quartz.core.QuartzScheduler] - Quartz Scheduler v.2.2.1 created.
  [INFO][main][2018-10-04 18:51:47][org.quartz.simpl.RAMJobStore] - RAMJobStore initialized.
  [INFO][main][2018-10-04 18:51:47][org.quartz.core.QuartzScheduler] - Scheduler meta-data: Quartz Scheduler (v2.2.1) 'DefaultQuartzScheduler' with instanceId 'NON_CLUSTERED'
  Scheduler class: 'org.quartz.core.QuartzScheduler' - running locally.
  NOT STARTED.
  Currently in standby mode.
  Number of jobs executed: 0
  Using thread pool 'org.quartz.simpl.SimpleThreadPool' - with 10 threads.
  Using job-store 'org.quartz.simpl.RAMJobStore' - which does not support persistence. and is not clustered.

  [INFO][main][2018-10-04 18:51:47][org.quartz.impl.StdSchedulerFactory] - Quartz scheduler 'DefaultQuartzScheduler' initialized from default resource file in Quartz package: 'quartz.properties'
  [INFO][main][2018-10-04 18:51:47][org.quartz.impl.StdSchedulerFactory] - Quartz scheduler version: 2.2.1
  [INFO][main][2018-10-04 18:51:47][org.quartz.core.QuartzScheduler] - Scheduler DefaultQuartzScheduler_$_NON_CLUSTERED started.
  [ERROR][DefaultQuartzScheduler_Worker-1][2018-10-04 18:51:47][org.quartz.core.JobRunShell] - Job XLXXCC_JOB_GROUP.14b1b7271f7091cbdf69c53ffa8630e3 threw an unhandled Exception: 
  java.lang.StringIndexOutOfBoundsException: String index out of range: 32
	at java.lang.String.substring(String.java:1963)
	at com.wh.time.QuartzJobOper.execute(MyPushJob.java:32)
	at org.quartz.core.JobRunShell.run(JobRunShell.java:202)
	at org.quartz.simpl.SimpleThreadPool$WorkerThread.run(SimpleThreadPool.java:573)
[ERROR][DefaultQuartzScheduler_Worker-1][2018-10-04 18:51:47][org.quartz.core.ErrorLogger] - Job (XLXXCC_JOB_GROUP.14b1b7271f7091cbdf69c53ffa8630e3 threw an exception.
  org.quartz.SchedulerException: Job threw an unhandled exception. [See nested exception: java.lang.StringIndexOutOfBoundsException: String index out of range: 32]
	at org.quartz.core.JobRunShell.run(JobRunShell.java:213)
	at org.quartz.simpl.SimpleThreadPool$WorkerThread.run(SimpleThreadPool.java:573)
Caused by: java.lang.StringIndexOutOfBoundsException: String index out of range: 32
	at java.lang.String.substring(String.java:1963)
	at com.wh.time.QuartzJobOper.execute(MyPushJob.java:32)
	at org.quartz.core.JobRunShell.run(JobRunShell.java:202)
	... 1 more
[INFO][main][2018-10-04 18:52:20][org.quartz.impl.StdSchedulerFactory] - Using default implementation for ThreadExecutor
  [INFO][main][2018-10-04 18:52:20][org.quartz.simpl.SimpleThreadPool] - Job execution threads will use class loader of thread: main
  [INFO][main][2018-10-04 18:52:20][org.quartz.core.SchedulerSignalerImpl] - Initialized Scheduler Signaller of type: class org.quartz.core.SchedulerSignalerImpl
  [INFO][main][2018-10-04 18:52:20][org.quartz.core.QuartzScheduler] - Quartz Scheduler v.2.2.1 created.
  [INFO][main][2018-10-04 18:52:20][org.quartz.simpl.RAMJobStore] - RAMJobStore initialized.
  [INFO][main][2018-10-04 18:52:20][org.quartz.core.QuartzScheduler] - Scheduler meta-data: Quartz Scheduler (v2.2.1) 'DefaultQuartzScheduler' with instanceId 'NON_CLUSTERED'
  Scheduler class: 'org.quartz.core.QuartzScheduler' - running locally.
  NOT STARTED.
  Currently in standby mode.
  Number of jobs executed: 0
  Using thread pool 'org.quartz.simpl.SimpleThreadPool' - with 10 threads.
  Using job-store 'org.quartz.simpl.RAMJobStore' - which does not support persistence. and is not clustered.

  [INFO][main][2018-10-04 18:52:20][org.quartz.impl.StdSchedulerFactory] - Quartz scheduler 'DefaultQuartzScheduler' initialized from default resource file in Quartz package: 'quartz.properties'
  [INFO][main][2018-10-04 18:52:20][org.quartz.impl.StdSchedulerFactory] - Quartz scheduler version: 2.2.1
  [INFO][main][2018-10-04 18:52:51][org.quartz.impl.StdSchedulerFactory] - Using default implementation for ThreadExecutor
  [INFO][main][2018-10-04 18:52:51][org.quartz.simpl.SimpleThreadPool] - Job execution threads will use class loader of thread: main
  [INFO][main][2018-10-04 18:52:51][org.quartz.core.SchedulerSignalerImpl] - Initialized Scheduler Signaller of type: class org.quartz.core.SchedulerSignalerImpl
  [INFO][main][2018-10-04 18:52:51][org.quartz.core.QuartzScheduler] - Quartz Scheduler v.2.2.1 created.
  [INFO][main][2018-10-04 18:52:51][org.quartz.simpl.RAMJobStore] - RAMJobStore initialized.
  [INFO][main][2018-10-04 18:52:51][org.quartz.core.QuartzScheduler] - Scheduler meta-data: Quartz Scheduler (v2.2.1) 'DefaultQuartzScheduler' with instanceId 'NON_CLUSTERED'
  Scheduler class: 'org.quartz.core.QuartzScheduler' - running locally.
  NOT STARTED.
  Currently in standby mode.
  Number of jobs executed: 0
  Using thread pool 'org.quartz.simpl.SimpleThreadPool' - with 10 threads.
  Using job-store 'org.quartz.simpl.RAMJobStore' - which does not support persistence. and is not clustered.

  [INFO][main][2018-10-04 18:52:51][org.quartz.impl.StdSchedulerFactory] - Quartz scheduler 'DefaultQuartzScheduler' initialized from default resource file in Quartz package: 'quartz.properties'
  [INFO][main][2018-10-04 18:52:51][org.quartz.impl.StdSchedulerFactory] - Quartz scheduler version: 2.2.1
  [INFO][main][2018-10-04 18:53:21][org.quartz.impl.StdSchedulerFactory] - Using default implementation for ThreadExecutor
  [INFO][main][2018-10-04 18:53:21][org.quartz.simpl.SimpleThreadPool] - Job execution threads will use class loader of thread: main
  [INFO][main][2018-10-04 18:53:21][org.quartz.core.SchedulerSignalerImpl] - Initialized Scheduler Signaller of type: class org.quartz.core.SchedulerSignalerImpl
  [INFO][main][2018-10-04 18:53:21][org.quartz.core.QuartzScheduler] - Quartz Scheduler v.2.2.1 created.
  [INFO][main][2018-10-04 18:53:21][org.quartz.simpl.RAMJobStore] - RAMJobStore initialized.
  [INFO][main][2018-10-04 18:53:21][org.quartz.core.QuartzScheduler] - Scheduler meta-data: Quartz Scheduler (v2.2.1) 'DefaultQuartzScheduler' with instanceId 'NON_CLUSTERED'
  Scheduler class: 'org.quartz.core.QuartzScheduler' - running locally.
  NOT STARTED.
  Currently in standby mode.
  Number of jobs executed: 0
  Using thread pool 'org.quartz.simpl.SimpleThreadPool' - with 10 threads.
  Using job-store 'org.quartz.simpl.RAMJobStore' - which does not support persistence. and is not clustered.

  [INFO][main][2018-10-04 18:53:21][org.quartz.impl.StdSchedulerFactory] - Quartz scheduler 'DefaultQuartzScheduler' initialized from default resource file in Quartz package: 'quartz.properties'
  [INFO][main][2018-10-04 18:53:21][org.quartz.impl.StdSchedulerFactory] - Quartz scheduler version: 2.2.1
  [INFO][main][2018-10-04 18:53:35][org.quartz.impl.StdSchedulerFactory] - Using default implementation for ThreadExecutor
  [INFO][main][2018-10-04 18:53:35][org.quartz.simpl.SimpleThreadPool] - Job execution threads will use class loader of thread: main
  [INFO][main][2018-10-04 18:53:35][org.quartz.core.SchedulerSignalerImpl] - Initialized Scheduler Signaller of type: class org.quartz.core.SchedulerSignalerImpl
  [INFO][main][2018-10-04 18:53:35][org.quartz.core.QuartzScheduler] - Quartz Scheduler v.2.2.1 created.
  [INFO][main][2018-10-04 18:53:35][org.quartz.simpl.RAMJobStore] - RAMJobStore initialized.
  [INFO][main][2018-10-04 18:53:35][org.quartz.core.QuartzScheduler] - Scheduler meta-data: Quartz Scheduler (v2.2.1) 'DefaultQuartzScheduler' with instanceId 'NON_CLUSTERED'
  Scheduler class: 'org.quartz.core.QuartzScheduler' - running locally.
  NOT STARTED.
  Currently in standby mode.
  Number of jobs executed: 0
  Using thread pool 'org.quartz.simpl.SimpleThreadPool' - with 10 threads.
  Using job-store 'org.quartz.simpl.RAMJobStore' - which does not support persistence. and is not clustered.

  [INFO][main][2018-10-04 18:53:35][org.quartz.impl.StdSchedulerFactory] - Quartz scheduler 'DefaultQuartzScheduler' initialized from default resource file in Quartz package: 'quartz.properties'
  [INFO][main][2018-10-04 18:53:35][org.quartz.impl.StdSchedulerFactory] - Quartz scheduler version: 2.2.1
  [INFO][main][2018-10-04 18:53:35][org.quartz.core.QuartzScheduler] - Scheduler DefaultQuartzScheduler_$_NON_CLUSTERED started.
  [ERROR][DefaultQuartzScheduler_Worker-1][2018-10-04 18:53:35][org.quartz.core.JobRunShell] - Job XLXXCC_JOB_GROUP.14b1b7271f7091cbdf69c53ffa8630e3 threw an unhandled Exception: 
  java.lang.StringIndexOutOfBoundsException: String index out of range: 32
	at java.lang.String.substring(String.java:1963)
	at com.wh.time.QuartzJobOper.execute(MyPushJob.java:32)
	at org.quartz.core.JobRunShell.run(JobRunShell.java:202)
	at org.quartz.simpl.SimpleThreadPool$WorkerThread.run(SimpleThreadPool.java:573)
[ERROR][DefaultQuartzScheduler_Worker-1][2018-10-04 18:53:35][org.quartz.core.ErrorLogger] - Job (XLXXCC_JOB_GROUP.14b1b7271f7091cbdf69c53ffa8630e3 threw an exception.
  org.quartz.SchedulerException: Job threw an unhandled exception. [See nested exception: java.lang.StringIndexOutOfBoundsException: String index out of range: 32]
	at org.quartz.core.JobRunShell.run(JobRunShell.java:213)
	at org.quartz.simpl.SimpleThreadPool$WorkerThread.run(SimpleThreadPool.java:573)
Caused by: java.lang.StringIndexOutOfBoundsException: String index out of range: 32
	at java.lang.String.substring(String.java:1963)
	at com.wh.time.QuartzJobOper.execute(MyPushJob.java:32)
	at org.quartz.core.JobRunShell.run(JobRunShell.java:202)
	... 1 more
[INFO][main][2018-10-04 18:54:27][org.quartz.impl.StdSchedulerFactory] - Using default implementation for ThreadExecutor
  [INFO][main][2018-10-04 18:54:27][org.quartz.simpl.SimpleThreadPool] - Job execution threads will use class loader of thread: main
  [INFO][main][2018-10-04 18:54:27][org.quartz.core.SchedulerSignalerImpl] - Initialized Scheduler Signaller of type: class org.quartz.core.SchedulerSignalerImpl
  [INFO][main][2018-10-04 18:54:27][org.quartz.core.QuartzScheduler] - Quartz Scheduler v.2.2.1 created.
  [INFO][main][2018-10-04 18:54:27][org.quartz.simpl.RAMJobStore] - RAMJobStore initialized.
  [INFO][main][2018-10-04 18:54:27][org.quartz.core.QuartzScheduler] - Scheduler meta-data: Quartz Scheduler (v2.2.1) 'DefaultQuartzScheduler' with instanceId 'NON_CLUSTERED'
  Scheduler class: 'org.quartz.core.QuartzScheduler' - running locally.
  NOT STARTED.
  Currently in standby mode.
  Number of jobs executed: 0
  Using thread pool 'org.quartz.simpl.SimpleThreadPool' - with 10 threads.
  Using job-store 'org.quartz.simpl.RAMJobStore' - which does not support persistence. and is not clustered.

  [INFO][main][2018-10-04 18:54:27][org.quartz.impl.StdSchedulerFactory] - Quartz scheduler 'DefaultQuartzScheduler' initialized from default resource file in Quartz package: 'quartz.properties'
  [INFO][main][2018-10-04 18:54:27][org.quartz.impl.StdSchedulerFactory] - Quartz scheduler version: 2.2.1
  [INFO][main][2018-10-04 18:54:27][org.quartz.core.QuartzScheduler] - Scheduler DefaultQuartzScheduler_$_NON_CLUSTERED started.
  [ERROR][DefaultQuartzScheduler_Worker-1][2018-10-04 18:54:27][org.quartz.core.JobRunShell] - Job XLXXCC_JOB_GROUP.14b1b7271f7091cbdf69c53ffa8630e3 threw an unhandled Exception: 
  java.lang.StringIndexOutOfBoundsException: String index out of range: 32
	at java.lang.String.substring(String.java:1963)
	at com.wh.time.QuartzJobOper.execute(MyPushJob.java:32)
	at org.quartz.core.JobRunShell.run(JobRunShell.java:202)
	at org.quartz.simpl.SimpleThreadPool$WorkerThread.run(SimpleThreadPool.java:573)
[ERROR][DefaultQuartzScheduler_Worker-1][2018-10-04 18:54:27][org.quartz.core.ErrorLogger] - Job (XLXXCC_JOB_GROUP.14b1b7271f7091cbdf69c53ffa8630e3 threw an exception.
  org.quartz.SchedulerException: Job threw an unhandled exception. [See nested exception: java.lang.StringIndexOutOfBoundsException: String index out of range: 32]
	at org.quartz.core.JobRunShell.run(JobRunShell.java:213)
	at org.quartz.simpl.SimpleThreadPool$WorkerThread.run(SimpleThreadPool.java:573)
Caused by: java.lang.StringIndexOutOfBoundsException: String index out of range: 32
	at java.lang.String.substring(String.java:1963)
	at com.wh.time.QuartzJobOper.execute(MyPushJob.java:32)
	at org.quartz.core.JobRunShell.run(JobRunShell.java:202)
	... 1 more
